<?xml version="1.0" encoding="UTF-8"?>
<testng-results skipped="0" failed="0" total="1" passed="1">
  <reporter-output>
  </reporter-output>
  <suite name="Default suite" duration-ms="19643" started-at="2016-06-08T17:21:50Z" finished-at="2016-06-08T17:22:09Z">
    <groups>
    </groups>
    <test name="Default test" duration-ms="19643" started-at="2016-06-08T17:21:50Z" finished-at="2016-06-08T17:22:09Z">
      <class name="TESTING.TC001">
        <test-method status="PASS" signature="tcase1()[pri:0, instance:TESTING.TC001@f6e879]" name="tcase1" duration-ms="19592" started-at="2016-06-08T22:51:50Z" finished-at="2016-06-08T22:52:09Z">
          <reporter-output>
          </reporter-output>
        </test-method> <!-- tcase1 -->
      </class> <!-- TESTING.TC001 -->
    </test> <!-- Default test -->
  </suite> <!-- Default suite -->
</testng-results>
